[18-Feb-2023 08:17:35] ALERT: [pool www] user has not been defined
[18-Feb-2023 08:17:35] ERROR: failed to post process the configuration
[18-Feb-2023 08:17:35] ERROR: FPM initialization failed
[18-Feb-2023 08:22:05] ALERT: [pool www] user has not been defined
[18-Feb-2023 08:22:05] ERROR: failed to post process the configuration
[18-Feb-2023 08:22:05] ERROR: FPM initialization failed
[18-Feb-2023 08:24:01] ALERT: [pool www] user has not been defined
[18-Feb-2023 08:24:01] ERROR: failed to post process the configuration
[18-Feb-2023 08:24:01] ERROR: FPM initialization failed
[18-Feb-2023 08:25:09] ALERT: [pool www] user has not been defined
[18-Feb-2023 08:25:09] ERROR: failed to post process the configuration
[18-Feb-2023 08:25:09] ERROR: FPM initialization failed
[18-Feb-2023 08:27:56] ALERT: [pool www] user has not been defined
[18-Feb-2023 08:27:56] ERROR: failed to post process the configuration
[18-Feb-2023 08:27:56] ERROR: FPM initialization failed
[18-Feb-2023 08:29:11] NOTICE: fpm is running, pid 1
[18-Feb-2023 08:29:11] NOTICE: ready to handle connections
[18-Feb-2023 08:32:21] NOTICE: Finishing ...
[18-Feb-2023 08:32:21] NOTICE: exiting, bye-bye!
[18-Feb-2023 08:32:31] NOTICE: fpm is running, pid 1
[18-Feb-2023 08:32:31] NOTICE: ready to handle connections
[18-Feb-2023 08:36:48] NOTICE: Finishing ...
[18-Feb-2023 08:36:48] NOTICE: exiting, bye-bye!
[18-Feb-2023 08:37:46] NOTICE: fpm is running, pid 1
[18-Feb-2023 08:37:46] NOTICE: ready to handle connections
[18-Feb-2023 08:42:05] NOTICE: Finishing ...
[18-Feb-2023 08:42:05] NOTICE: exiting, bye-bye!
[18-Feb-2023 08:42:12] NOTICE: fpm is running, pid 1
[18-Feb-2023 08:42:12] NOTICE: ready to handle connections
[18-Feb-2023 08:55:05] NOTICE: Finishing ...
[18-Feb-2023 08:55:05] NOTICE: exiting, bye-bye!
[18-Feb-2023 08:55:16] NOTICE: fpm is running, pid 1
[18-Feb-2023 08:55:16] NOTICE: ready to handle connections
[18-Feb-2023 08:56:17] NOTICE: Finishing ...
[18-Feb-2023 08:56:17] NOTICE: exiting, bye-bye!
[18-Feb-2023 09:01:38] NOTICE: fpm is running, pid 1
[18-Feb-2023 09:01:38] NOTICE: ready to handle connections
[18-Feb-2023 09:04:27] NOTICE: Finishing ...
[18-Feb-2023 09:04:27] NOTICE: exiting, bye-bye!
[18-Feb-2023 09:04:33] NOTICE: fpm is running, pid 1
[18-Feb-2023 09:04:33] NOTICE: ready to handle connections
[18-Feb-2023 09:10:47] NOTICE: Finishing ...
[18-Feb-2023 09:10:47] NOTICE: exiting, bye-bye!
[18-Feb-2023 09:10:58] NOTICE: fpm is running, pid 1
[18-Feb-2023 09:10:58] NOTICE: ready to handle connections
[18-Feb-2023 09:12:40] NOTICE: Finishing ...
[18-Feb-2023 09:12:40] NOTICE: exiting, bye-bye!
[18-Feb-2023 09:12:49] NOTICE: fpm is running, pid 1
[18-Feb-2023 09:12:49] NOTICE: ready to handle connections
[18-Feb-2023 10:38:30] NOTICE: Finishing ...
[18-Feb-2023 10:38:30] NOTICE: exiting, bye-bye!
[18-Feb-2023 10:38:38] NOTICE: fpm is running, pid 1
[18-Feb-2023 10:38:38] NOTICE: ready to handle connections
[18-Feb-2023 10:38:58] NOTICE: Finishing ...
[18-Feb-2023 10:38:58] NOTICE: exiting, bye-bye!
[18-Feb-2023 10:39:06] NOTICE: fpm is running, pid 1
[18-Feb-2023 10:39:06] NOTICE: ready to handle connections
[18-Feb-2023 10:43:21] NOTICE: Finishing ...
[18-Feb-2023 10:43:21] NOTICE: exiting, bye-bye!
[18-Feb-2023 10:44:22] NOTICE: fpm is running, pid 1
[18-Feb-2023 10:44:22] NOTICE: ready to handle connections
[18-Feb-2023 10:59:19] NOTICE: Finishing ...
[18-Feb-2023 10:59:19] NOTICE: exiting, bye-bye!
[18-Feb-2023 10:59:40] NOTICE: fpm is running, pid 1
[18-Feb-2023 10:59:40] NOTICE: ready to handle connections
[18-Feb-2023 11:04:22] NOTICE: Finishing ...
[18-Feb-2023 11:04:22] NOTICE: exiting, bye-bye!
[18-Feb-2023 11:04:28] NOTICE: fpm is running, pid 1
[18-Feb-2023 11:04:28] NOTICE: ready to handle connections
[18-Feb-2023 11:32:11] NOTICE: Finishing ...
[18-Feb-2023 11:32:11] NOTICE: exiting, bye-bye!
[18-Feb-2023 11:33:15] NOTICE: Failed implicitly binding to ::, retrying with 0.0.0.0
[18-Feb-2023 11:33:15] ERROR: unable to bind listening socket for address '9000': Address already in use (98)
[18-Feb-2023 11:33:15] ERROR: FPM initialization failed
[18-Feb-2023 11:38:02] NOTICE: fpm is running, pid 1
[18-Feb-2023 11:38:02] NOTICE: ready to handle connections
[18-Feb-2023 11:41:23] NOTICE: Finishing ...
[18-Feb-2023 11:41:23] NOTICE: exiting, bye-bye!
[18-Feb-2023 11:41:30] NOTICE: fpm is running, pid 1
[18-Feb-2023 11:41:30] NOTICE: ready to handle connections
[18-Feb-2023 11:42:06] NOTICE: Finishing ...
[18-Feb-2023 11:42:06] NOTICE: exiting, bye-bye!
[18-Feb-2023 11:42:11] NOTICE: fpm is running, pid 1
[18-Feb-2023 11:42:11] NOTICE: ready to handle connections
[18-Feb-2023 11:48:33] NOTICE: Finishing ...
[18-Feb-2023 11:48:33] NOTICE: exiting, bye-bye!
[18-Feb-2023 11:48:51] NOTICE: Failed implicitly binding to ::, retrying with 0.0.0.0
[18-Feb-2023 11:48:51] ERROR: unable to bind listening socket for address '9000': Address already in use (98)
[18-Feb-2023 11:48:51] ERROR: FPM initialization failed
[18-Feb-2023 11:56:40] NOTICE: Failed implicitly binding to ::, retrying with 0.0.0.0
[18-Feb-2023 11:56:40] ERROR: unable to bind listening socket for address '9000': Address already in use (98)
[18-Feb-2023 11:56:40] ERROR: FPM initialization failed
[18-Feb-2023 11:58:01] NOTICE: Failed implicitly binding to ::, retrying with 0.0.0.0
[18-Feb-2023 11:58:01] ERROR: unable to bind listening socket for address '9000': Address already in use (98)
[18-Feb-2023 11:58:01] ERROR: FPM initialization failed
[18-Feb-2023 11:59:15] NOTICE: Failed implicitly binding to ::, retrying with 0.0.0.0
[18-Feb-2023 11:59:15] ERROR: unable to bind listening socket for address '9000': Address already in use (98)
[18-Feb-2023 11:59:15] ERROR: FPM initialization failed
[18-Feb-2023 12:00:18] NOTICE: fpm is running, pid 1
[18-Feb-2023 12:00:18] NOTICE: ready to handle connections
[18-Feb-2023 12:00:57] NOTICE: Finishing ...
[18-Feb-2023 12:00:57] NOTICE: exiting, bye-bye!
[18-Feb-2023 12:01:27] NOTICE: fpm is running, pid 1
[18-Feb-2023 12:01:27] NOTICE: ready to handle connections
[18-Feb-2023 12:02:39] NOTICE: Finishing ...
[18-Feb-2023 12:02:39] NOTICE: exiting, bye-bye!
[18-Feb-2023 12:12:32] NOTICE: fpm is running, pid 1
[18-Feb-2023 12:12:32] NOTICE: ready to handle connections
[18-Feb-2023 12:13:27] NOTICE: Finishing ...
[18-Feb-2023 12:13:27] NOTICE: exiting, bye-bye!
[18-Feb-2023 12:13:54] NOTICE: fpm is running, pid 1
[18-Feb-2023 12:13:54] NOTICE: ready to handle connections
[18-Feb-2023 16:38:45] NOTICE: Finishing ...
[18-Feb-2023 16:38:45] NOTICE: exiting, bye-bye!
[18-Feb-2023 16:38:53] NOTICE: fpm is running, pid 1
[18-Feb-2023 16:38:53] NOTICE: ready to handle connections
[18-Feb-2023 16:45:20] NOTICE: Finishing ...
[18-Feb-2023 16:45:20] NOTICE: exiting, bye-bye!
[18-Feb-2023 16:46:08] NOTICE: fpm is running, pid 1
[18-Feb-2023 16:46:08] NOTICE: ready to handle connections
[18-Feb-2023 16:47:27] NOTICE: Finishing ...
[18-Feb-2023 16:47:27] NOTICE: exiting, bye-bye!
[18-Feb-2023 16:47:34] NOTICE: fpm is running, pid 1
[18-Feb-2023 16:47:34] NOTICE: ready to handle connections
[18-Feb-2023 16:48:28] NOTICE: Finishing ...
[18-Feb-2023 16:48:28] NOTICE: exiting, bye-bye!
[18-Feb-2023 16:48:34] NOTICE: fpm is running, pid 1
[18-Feb-2023 16:48:34] NOTICE: ready to handle connections
[18-Feb-2023 16:58:31] NOTICE: Finishing ...
[18-Feb-2023 16:58:31] NOTICE: exiting, bye-bye!
[18-Feb-2023 16:58:38] NOTICE: fpm is running, pid 1
[18-Feb-2023 16:58:38] NOTICE: ready to handle connections
[18-Feb-2023 17:06:33] NOTICE: Finishing ...
[18-Feb-2023 17:06:33] NOTICE: exiting, bye-bye!
[18-Feb-2023 17:06:56] NOTICE: fpm is running, pid 1
[18-Feb-2023 17:06:56] NOTICE: ready to handle connections
[18-Feb-2023 17:17:31] NOTICE: Finishing ...
[18-Feb-2023 17:17:31] NOTICE: exiting, bye-bye!
[18-Feb-2023 17:17:38] NOTICE: fpm is running, pid 1
[18-Feb-2023 17:17:38] NOTICE: ready to handle connections
[18-Feb-2023 17:18:17] NOTICE: Finishing ...
[18-Feb-2023 17:18:17] NOTICE: exiting, bye-bye!
[18-Feb-2023 17:18:49] NOTICE: fpm is running, pid 1
[18-Feb-2023 17:18:49] NOTICE: ready to handle connections
[18-Feb-2023 17:23:36] NOTICE: Finishing ...
[18-Feb-2023 17:23:36] NOTICE: exiting, bye-bye!
[18-Feb-2023 17:23:47] NOTICE: fpm is running, pid 1
[18-Feb-2023 17:23:47] NOTICE: ready to handle connections
[18-Feb-2023 17:33:29] NOTICE: Finishing ...
[18-Feb-2023 17:33:29] NOTICE: exiting, bye-bye!
[18-Feb-2023 17:33:51] NOTICE: fpm is running, pid 1
[18-Feb-2023 17:33:51] NOTICE: ready to handle connections
[18-Feb-2023 17:51:28] NOTICE: Finishing ...
[18-Feb-2023 17:51:28] NOTICE: exiting, bye-bye!
[18-Feb-2023 17:53:34] NOTICE: fpm is running, pid 1
[18-Feb-2023 17:53:34] NOTICE: ready to handle connections
[18-Feb-2023 17:58:39] NOTICE: Finishing ...
[18-Feb-2023 17:58:39] NOTICE: exiting, bye-bye!
[18-Feb-2023 17:58:50] NOTICE: fpm is running, pid 1
[18-Feb-2023 17:58:50] NOTICE: ready to handle connections
[18-Feb-2023 18:01:48] NOTICE: Finishing ...
[18-Feb-2023 18:01:48] NOTICE: exiting, bye-bye!
[18-Feb-2023 18:01:57] NOTICE: fpm is running, pid 1
[18-Feb-2023 18:01:57] NOTICE: ready to handle connections
[18-Feb-2023 18:09:04] NOTICE: Finishing ...
[18-Feb-2023 18:09:04] NOTICE: exiting, bye-bye!
[18-Feb-2023 18:09:16] NOTICE: fpm is running, pid 1
[18-Feb-2023 18:09:16] NOTICE: ready to handle connections
[18-Feb-2023 18:10:52] NOTICE: Reloading in progress ...
[18-Feb-2023 18:10:52] NOTICE: reloading: execvp("/usr/local/sbin/php-fpm", {"/usr/local/sbin/php-fpm", "--nodaemonize"})
[18-Feb-2023 18:10:52] NOTICE: using inherited socket fd=7, ":::9000"
[18-Feb-2023 18:10:52] NOTICE: using inherited socket fd=7, ":::9000"
[18-Feb-2023 18:10:52] NOTICE: fpm is running, pid 1
[18-Feb-2023 18:10:52] NOTICE: ready to handle connections
[18-Feb-2023 18:12:59] NOTICE: Terminating ...
[18-Feb-2023 18:12:59] NOTICE: exiting, bye-bye!
[18-Feb-2023 18:30:29] NOTICE: fpm is running, pid 1
[18-Feb-2023 18:30:29] NOTICE: ready to handle connections
[18-Feb-2023 18:33:19] NOTICE: Finishing ...
[18-Feb-2023 18:33:19] NOTICE: exiting, bye-bye!
[18-Feb-2023 18:33:35] NOTICE: fpm is running, pid 1
[18-Feb-2023 18:33:35] NOTICE: ready to handle connections
[18-Feb-2023 18:34:58] NOTICE: Finishing ...
[18-Feb-2023 18:34:58] NOTICE: exiting, bye-bye!
[18-Feb-2023 18:36:07] NOTICE: fpm is running, pid 1
[18-Feb-2023 18:36:07] NOTICE: ready to handle connections
[18-Feb-2023 18:37:37] NOTICE: Finishing ...
[18-Feb-2023 18:37:37] NOTICE: exiting, bye-bye!
[18-Feb-2023 18:37:53] NOTICE: fpm is running, pid 1
[18-Feb-2023 18:37:53] NOTICE: ready to handle connections
[18-Feb-2023 18:43:56] NOTICE: Finishing ...
[18-Feb-2023 18:43:56] NOTICE: exiting, bye-bye!
[18-Feb-2023 18:44:12] NOTICE: fpm is running, pid 1
[18-Feb-2023 18:44:12] NOTICE: ready to handle connections
[18-Feb-2023 18:55:13] NOTICE: Finishing ...
[18-Feb-2023 18:55:13] NOTICE: exiting, bye-bye!
[18-Feb-2023 18:55:18] NOTICE: fpm is running, pid 1
[18-Feb-2023 18:55:18] NOTICE: ready to handle connections
[18-Feb-2023 19:00:17] NOTICE: Finishing ...
[18-Feb-2023 19:00:17] NOTICE: exiting, bye-bye!
[18-Feb-2023 19:06:02] NOTICE: fpm is running, pid 1
[18-Feb-2023 19:06:02] NOTICE: ready to handle connections
[18-Feb-2023 23:47:26] NOTICE: fpm is running, pid 1
[18-Feb-2023 23:47:26] NOTICE: ready to handle connections
[18-Feb-2023 23:49:51] NOTICE: Finishing ...
[18-Feb-2023 23:49:51] NOTICE: exiting, bye-bye!
[18-Feb-2023 23:50:23] NOTICE: fpm is running, pid 1
[18-Feb-2023 23:50:23] NOTICE: ready to handle connections
[18-Feb-2023 23:50:51] NOTICE: Finishing ...
[18-Feb-2023 23:50:51] NOTICE: exiting, bye-bye!
[18-Feb-2023 23:51:00] NOTICE: fpm is running, pid 1
[18-Feb-2023 23:51:00] NOTICE: ready to handle connections
[18-Feb-2023 23:54:35] NOTICE: Finishing ...
[18-Feb-2023 23:54:35] NOTICE: exiting, bye-bye!
[18-Feb-2023 23:54:43] NOTICE: fpm is running, pid 1
[18-Feb-2023 23:54:43] NOTICE: ready to handle connections
[18-Feb-2023 23:55:36] NOTICE: Finishing ...
[18-Feb-2023 23:55:36] NOTICE: exiting, bye-bye!
[18-Feb-2023 23:56:09] NOTICE: fpm is running, pid 1
[18-Feb-2023 23:56:09] NOTICE: ready to handle connections
[19-Feb-2023 00:01:19] NOTICE: Finishing ...
[19-Feb-2023 00:01:19] NOTICE: exiting, bye-bye!
[01-Apr-2023 03:31:06] NOTICE: fpm is running, pid 1
[01-Apr-2023 03:31:06] NOTICE: ready to handle connections
[01-Apr-2023 03:32:29] NOTICE: Finishing ...
[01-Apr-2023 03:32:29] NOTICE: exiting, bye-bye!
[01-Apr-2023 03:32:30] NOTICE: fpm is running, pid 1
[01-Apr-2023 03:32:30] NOTICE: ready to handle connections
[01-Apr-2023 03:34:11] NOTICE: Finishing ...
[01-Apr-2023 03:34:11] NOTICE: exiting, bye-bye!
[01-Apr-2023 05:54:24] NOTICE: fpm is running, pid 1
[01-Apr-2023 05:54:24] NOTICE: ready to handle connections
[01-Apr-2023 05:55:54] NOTICE: Finishing ...
[01-Apr-2023 05:55:54] NOTICE: exiting, bye-bye!
[21-Apr-2023 21:28:05] NOTICE: fpm is running, pid 1
[21-Apr-2023 21:28:05] NOTICE: ready to handle connections
[21-Apr-2023 21:31:52] NOTICE: Finishing ...
[21-Apr-2023 21:31:52] NOTICE: exiting, bye-bye!
[21-Apr-2023 21:32:00] NOTICE: fpm is running, pid 1
[21-Apr-2023 21:32:00] NOTICE: ready to handle connections
[21-Apr-2023 21:33:41] NOTICE: Finishing ...
[21-Apr-2023 21:33:41] NOTICE: exiting, bye-bye!
[21-Apr-2023 21:34:01] NOTICE: fpm is running, pid 1
[21-Apr-2023 21:34:01] NOTICE: ready to handle connections
[21-Apr-2023 21:36:36] NOTICE: Finishing ...
[21-Apr-2023 21:36:36] NOTICE: exiting, bye-bye!
[21-Apr-2023 21:36:39] NOTICE: fpm is running, pid 1
[21-Apr-2023 21:36:39] NOTICE: ready to handle connections
[21-Apr-2023 21:37:15] NOTICE: Finishing ...
[21-Apr-2023 21:37:15] NOTICE: exiting, bye-bye!
[21-Apr-2023 21:37:26] NOTICE: fpm is running, pid 1
[21-Apr-2023 21:37:26] NOTICE: ready to handle connections
[21-Apr-2023 21:40:04] NOTICE: Finishing ...
[21-Apr-2023 21:40:04] NOTICE: exiting, bye-bye!
[21-Apr-2023 22:12:49] NOTICE: fpm is running, pid 1
[21-Apr-2023 22:12:49] NOTICE: ready to handle connections
[21-Apr-2023 22:14:01] NOTICE: Finishing ...
[21-Apr-2023 22:14:01] NOTICE: exiting, bye-bye!
[21-Apr-2023 22:14:40] NOTICE: fpm is running, pid 1
[21-Apr-2023 22:14:40] NOTICE: ready to handle connections
[21-Apr-2023 22:17:30] NOTICE: Finishing ...
[21-Apr-2023 22:17:30] NOTICE: exiting, bye-bye!
[21-Apr-2023 22:17:38] NOTICE: fpm is running, pid 1
[21-Apr-2023 22:17:38] NOTICE: ready to handle connections
[21-Apr-2023 22:19:48] NOTICE: Finishing ...
[21-Apr-2023 22:19:48] NOTICE: exiting, bye-bye!
[21-Apr-2023 22:20:49] NOTICE: fpm is running, pid 1
[21-Apr-2023 22:20:49] NOTICE: ready to handle connections
[21-Apr-2023 22:31:43] NOTICE: Finishing ...
[21-Apr-2023 22:31:43] NOTICE: exiting, bye-bye!
[21-Apr-2023 22:31:56] NOTICE: fpm is running, pid 1
[21-Apr-2023 22:31:56] NOTICE: ready to handle connections
[21-Apr-2023 22:32:25] NOTICE: Finishing ...
[21-Apr-2023 22:32:25] NOTICE: exiting, bye-bye!
[21-Apr-2023 22:32:41] NOTICE: fpm is running, pid 1
[21-Apr-2023 22:32:41] NOTICE: ready to handle connections
[21-Apr-2023 22:34:09] NOTICE: Finishing ...
[21-Apr-2023 22:34:09] NOTICE: exiting, bye-bye!
[21-Apr-2023 22:34:34] NOTICE: fpm is running, pid 1
[21-Apr-2023 22:34:34] NOTICE: ready to handle connections
[21-Apr-2023 22:35:17] NOTICE: Finishing ...
[21-Apr-2023 22:35:17] NOTICE: exiting, bye-bye!
[21-Apr-2023 22:35:28] NOTICE: fpm is running, pid 1
[21-Apr-2023 22:35:28] NOTICE: ready to handle connections
[21-Apr-2023 22:36:23] NOTICE: Finishing ...
[21-Apr-2023 22:36:23] NOTICE: exiting, bye-bye!
[21-Apr-2023 22:36:36] NOTICE: fpm is running, pid 1
[21-Apr-2023 22:36:36] NOTICE: ready to handle connections
[21-Apr-2023 22:38:22] NOTICE: Finishing ...
[21-Apr-2023 22:38:22] NOTICE: exiting, bye-bye!
[21-Apr-2023 22:39:24] NOTICE: fpm is running, pid 1
[21-Apr-2023 22:39:24] NOTICE: ready to handle connections
[21-Apr-2023 22:40:08] NOTICE: Finishing ...
[21-Apr-2023 22:40:08] NOTICE: exiting, bye-bye!
[21-Apr-2023 22:40:13] NOTICE: fpm is running, pid 1
[21-Apr-2023 22:40:13] NOTICE: ready to handle connections
[22-Apr-2023 21:32:23] NOTICE: Finishing ...
[22-Apr-2023 21:32:23] NOTICE: exiting, bye-bye!
[22-Apr-2023 21:37:42] NOTICE: fpm is running, pid 1
[22-Apr-2023 21:37:42] NOTICE: ready to handle connections
[22-Apr-2023 22:04:53] NOTICE: fpm is running, pid 1
[22-Apr-2023 22:04:53] NOTICE: ready to handle connections
[22-Apr-2023 22:18:25] NOTICE: Finishing ...
[22-Apr-2023 22:18:25] NOTICE: exiting, bye-bye!
